2.0.2
Adding images for Curse of Rusah in adventures\the_last_cyclade curse_of_rusah folder

2.0.3 
Adding character images for Forked Tounges and macro that imports all character art

2.0.4 
one token replaced (Jamala Norghu)

2.0.5 
Additional backgrounds and maps for Curse of Rusah

2.0.6
Actors and scenes added for the Curse of Rusah

2.1 
Added videos and macros for tile updating

2.1.2
Added work in progress adventures - Fire of the Icons, Emissary lost and Last voyage of Ghazali

2.1.3 
Added Ghazali maps and renamed the last cyclade adventure folder to the mysticides

2.1.4
Added new backgrounds and added folder for the adventure emissary lost/high stakes

2.1.5
Added 20 Golden Glory of the Icons calendar backgrounds to /backgrounds folder

2.1.6
Added 7 Dark Path of the Icons calendar backgrounds to /backgrounds folder and Icons portraits to the /icons folder

2.1.7
Added adventures/emissary_lost_little_algol - scenes and character images

2.1.8
Added adventures/emissary_lost_the_abyss - scenes, one map and character images

2.1.9
Added adventures/emissary_lost_lost_in_the_joungle - scenes, one map and character images